{"/home/sakamoto/www/Rocketseat/GoBarber-ts/gobarber-mobile/src/components/Button/index.tsx": {"path":"/home/sakamoto/www/Rocketseat/GoBarber-ts/gobarber-mobile/src/components/Button/index.tsx","statementMap":{"0":{"start":{"line":10,"column":38},"end":{"line":14,"column":1}},"1":{"start":{"line":11,"column":2},"end":{"line":13,"column":14}}},"fnMap":{"0":{"name":"(anonymous_0)","decl":{"start":{"line":10,"column":38},"end":{"line":10,"column":39}},"loc":{"start":{"line":11,"column":2},"end":{"line":13,"column":14}},"line":11}},"branchMap":{},"s":{"0":1,"1":1},"f":{"0":1},"b":{},"_coverageSchema":"43e27e138ebf9cfc5966b082cf9a028302ed4184","hash":"e779f3a8f7db329a6590b6791f30a632c337a796"}
,"/home/sakamoto/www/Rocketseat/GoBarber-ts/gobarber-mobile/src/components/Input/index.tsx": {"path":"/home/sakamoto/www/Rocketseat/GoBarber-ts/gobarber-mobile/src/components/Input/index.tsx","statementMap":{"0":{"start":{"line":28,"column":66},"end":{"line":85,"column":1}},"1":{"start":{"line":32,"column":26},"end":{"line":32,"column":43}},"2":{"start":{"line":34,"column":65},"end":{"line":34,"column":79}},"3":{"start":{"line":35,"column":24},"end":{"line":35,"column":76}},"4":{"start":{"line":37,"column":36},"end":{"line":37,"column":51}},"5":{"start":{"line":38,"column":34},"end":{"line":38,"column":49}},"6":{"start":{"line":40,"column":27},"end":{"line":42,"column":8}},"7":{"start":{"line":41,"column":4},"end":{"line":41,"column":23}},"8":{"start":{"line":44,"column":26},"end":{"line":48,"column":8}},"9":{"start":{"line":45,"column":4},"end":{"line":45,"column":24}},"10":{"start":{"line":47,"column":4},"end":{"line":47,"column":47}},"11":{"start":{"line":50,"column":2},"end":{"line":54,"column":6}},"12":{"start":{"line":50,"column":34},"end":{"line":54,"column":3}},"13":{"start":{"line":52,"column":6},"end":{"line":52,"column":38}},"14":{"start":{"line":56,"column":2},"end":{"line":62,"column":33}},"15":{"start":{"line":57,"column":4},"end":{"line":61,"column":7}},"16":{"start":{"line":64,"column":2},"end":{"line":84,"column":4}},"17":{"start":{"line":79,"column":10},"end":{"line":79,"column":46}}},"fnMap":{"0":{"name":"(anonymous_0)","decl":{"start":{"line":28,"column":66},"end":{"line":28,"column":67}},"loc":{"start":{"line":31,"column":5},"end":{"line":85,"column":1}},"line":31},"1":{"name":"(anonymous_1)","decl":{"start":{"line":40,"column":39},"end":{"line":40,"column":40}},"loc":{"start":{"line":40,"column":45},"end":{"line":42,"column":3}},"line":40},"2":{"name":"(anonymous_2)","decl":{"start":{"line":44,"column":38},"end":{"line":44,"column":39}},"loc":{"start":{"line":44,"column":44},"end":{"line":48,"column":3}},"line":44},"3":{"name":"(anonymous_3)","decl":{"start":{"line":50,"column":27},"end":{"line":50,"column":28}},"loc":{"start":{"line":50,"column":34},"end":{"line":54,"column":3}},"line":50},"4":{"name":"(anonymous_4)","decl":{"start":{"line":51,"column":4},"end":{"line":51,"column":5}},"loc":{"start":{"line":51,"column":12},"end":{"line":53,"column":5}},"line":51},"5":{"name":"(anonymous_5)","decl":{"start":{"line":56,"column":12},"end":{"line":56,"column":13}},"loc":{"start":{"line":56,"column":18},"end":{"line":62,"column":3}},"line":56},"6":{"name":"(anonymous_6)","decl":{"start":{"line":78,"column":22},"end":{"line":78,"column":23}},"loc":{"start":{"line":78,"column":31},"end":{"line":80,"column":9}},"line":78}},"branchMap":{"0":{"loc":{"start":{"line":29,"column":16},"end":{"line":29,"column":35}},"type":"default-arg","locations":[{"start":{"line":29,"column":33},"end":{"line":29,"column":35}}],"line":29},"1":{"loc":{"start":{"line":34,"column":25},"end":{"line":34,"column":42}},"type":"default-arg","locations":[{"start":{"line":34,"column":40},"end":{"line":34,"column":42}}],"line":34},"2":{"loc":{"start":{"line":69,"column":15},"end":{"line":69,"column":60}},"type":"cond-expr","locations":[{"start":{"line":69,"column":39},"end":{"line":69,"column":48}},{"start":{"line":69,"column":51},"end":{"line":69,"column":60}}],"line":69},"3":{"loc":{"start":{"line":69,"column":15},"end":{"line":69,"column":36}},"type":"binary-expr","locations":[{"start":{"line":69,"column":15},"end":{"line":69,"column":24}},{"start":{"line":69,"column":28},"end":{"line":69,"column":36}}],"line":69}},"s":{"0":1,"1":2,"2":2,"3":2,"4":2,"5":2,"6":2,"7":0,"8":2,"9":0,"10":0,"11":2,"12":1,"13":0,"14":2,"15":2,"16":2,"17":0},"f":{"0":2,"1":0,"2":0,"3":1,"4":0,"5":2,"6":0},"b":{"0":[2],"1":[2],"2":[0,2],"3":[2,2]},"_coverageSchema":"43e27e138ebf9cfc5966b082cf9a028302ed4184","hash":"99405e5c842e74498becd6f61d7f5626cdfbe06d"}
,"/home/sakamoto/www/Rocketseat/GoBarber-ts/gobarber-mobile/src/hooks/auth.tsx": {"path":"/home/sakamoto/www/Rocketseat/GoBarber-ts/gobarber-mobile/src/hooks/auth.tsx","statementMap":{"0":{"start":{"line":35,"column":20},"end":{"line":35,"column":73}},"1":{"start":{"line":37,"column":31},"end":{"line":98,"column":1}},"2":{"start":{"line":38,"column":26},"end":{"line":38,"column":62}},"3":{"start":{"line":39,"column":32},"end":{"line":39,"column":46}},"4":{"start":{"line":41,"column":2},"end":{"line":56,"column":9}},"5":{"start":{"line":43,"column":28},"end":{"line":46,"column":8}},"6":{"start":{"line":48,"column":6},"end":{"line":52,"column":7}},"7":{"start":{"line":49,"column":8},"end":{"line":49,"column":66}},"8":{"start":{"line":51,"column":8},"end":{"line":51,"column":64}},"9":{"start":{"line":53,"column":6},"end":{"line":53,"column":24}},"10":{"start":{"line":55,"column":4},"end":{"line":55,"column":23}},"11":{"start":{"line":58,"column":17},"end":{"line":74,"column":8}},"12":{"start":{"line":59,"column":21},"end":{"line":62,"column":6}},"13":{"start":{"line":64,"column":28},"end":{"line":64,"column":41}},"14":{"start":{"line":66,"column":4},"end":{"line":69,"column":7}},"15":{"start":{"line":71,"column":4},"end":{"line":71,"column":59}},"16":{"start":{"line":73,"column":4},"end":{"line":73,"column":29}},"17":{"start":{"line":76,"column":18},"end":{"line":80,"column":8}},"18":{"start":{"line":77,"column":4},"end":{"line":77,"column":74}},"19":{"start":{"line":79,"column":4},"end":{"line":79,"column":29}},"20":{"start":{"line":82,"column":21},"end":{"line":89,"column":8}},"21":{"start":{"line":83,"column":4},"end":{"line":83,"column":71}},"22":{"start":{"line":85,"column":4},"end":{"line":88,"column":7}},"23":{"start":{"line":91,"column":2},"end":{"line":97,"column":4}},"24":{"start":{"line":101,"column":18},"end":{"line":101,"column":41}},"25":{"start":{"line":103,"column":2},"end":{"line":105,"column":3}},"26":{"start":{"line":104,"column":4},"end":{"line":104,"column":67}},"27":{"start":{"line":107,"column":2},"end":{"line":107,"column":17}}},"fnMap":{"0":{"name":"(anonymous_0)","decl":{"start":{"line":37,"column":31},"end":{"line":37,"column":32}},"loc":{"start":{"line":37,"column":49},"end":{"line":98,"column":1}},"line":37},"1":{"name":"(anonymous_1)","decl":{"start":{"line":41,"column":12},"end":{"line":41,"column":13}},"loc":{"start":{"line":41,"column":18},"end":{"line":56,"column":3}},"line":41},"2":{"name":"loadStoragedData","decl":{"start":{"line":42,"column":19},"end":{"line":42,"column":35}},"loc":{"start":{"line":42,"column":53},"end":{"line":54,"column":5}},"line":42},"3":{"name":"(anonymous_3)","decl":{"start":{"line":58,"column":29},"end":{"line":58,"column":30}},"loc":{"start":{"line":58,"column":60},"end":{"line":74,"column":3}},"line":58},"4":{"name":"(anonymous_4)","decl":{"start":{"line":76,"column":30},"end":{"line":76,"column":31}},"loc":{"start":{"line":76,"column":42},"end":{"line":80,"column":3}},"line":76},"5":{"name":"(anonymous_5)","decl":{"start":{"line":82,"column":33},"end":{"line":82,"column":34}},"loc":{"start":{"line":82,"column":55},"end":{"line":89,"column":3}},"line":82},"6":{"name":"useAuth","decl":{"start":{"line":100,"column":9},"end":{"line":100,"column":16}},"loc":{"start":{"line":100,"column":36},"end":{"line":108,"column":1}},"line":100}},"branchMap":{"0":{"loc":{"start":{"line":48,"column":6},"end":{"line":52,"column":7}},"type":"if","locations":[{"start":{"line":48,"column":6},"end":{"line":52,"column":7}},{"start":{"line":48,"column":6},"end":{"line":52,"column":7}}],"line":48},"1":{"loc":{"start":{"line":48,"column":10},"end":{"line":48,"column":29}},"type":"binary-expr","locations":[{"start":{"line":48,"column":10},"end":{"line":48,"column":18}},{"start":{"line":48,"column":22},"end":{"line":48,"column":29}}],"line":48},"2":{"loc":{"start":{"line":103,"column":2},"end":{"line":105,"column":3}},"type":"if","locations":[{"start":{"line":103,"column":2},"end":{"line":105,"column":3}},{"start":{"line":103,"column":2},"end":{"line":105,"column":3}}],"line":103}},"s":{"0":1,"1":1,"2":0,"3":0,"4":0,"5":0,"6":0,"7":0,"8":0,"9":0,"10":0,"11":0,"12":0,"13":0,"14":0,"15":0,"16":0,"17":0,"18":0,"19":0,"20":0,"21":0,"22":0,"23":0,"24":1,"25":1,"26":0,"27":1},"f":{"0":0,"1":0,"2":0,"3":0,"4":0,"5":0,"6":1},"b":{"0":[0,0],"1":[0,0],"2":[0,1]},"_coverageSchema":"43e27e138ebf9cfc5966b082cf9a028302ed4184","hash":"415e134a04acf9bea095d9ee0237f22e51930359"}
,"/home/sakamoto/www/Rocketseat/GoBarber-ts/gobarber-mobile/src/pages/AppointmentCreated/index.tsx": {"path":"/home/sakamoto/www/Rocketseat/GoBarber-ts/gobarber-mobile/src/pages/AppointmentCreated/index.tsx","statementMap":{"0":{"start":{"line":15,"column":37},"end":{"line":52,"column":1}},"1":{"start":{"line":16,"column":20},"end":{"line":16,"column":35}},"2":{"start":{"line":17,"column":21},"end":{"line":17,"column":31}},"3":{"start":{"line":19,"column":22},"end":{"line":19,"column":43}},"4":{"start":{"line":21,"column":26},"end":{"line":30,"column":13}},"5":{"start":{"line":22,"column":4},"end":{"line":29,"column":7}},"6":{"start":{"line":32,"column":24},"end":{"line":38,"column":24}},"7":{"start":{"line":33,"column":4},"end":{"line":37,"column":6}},"8":{"start":{"line":40,"column":2},"end":{"line":51,"column":4}}},"fnMap":{"0":{"name":"(anonymous_0)","decl":{"start":{"line":15,"column":37},"end":{"line":15,"column":38}},"loc":{"start":{"line":15,"column":43},"end":{"line":52,"column":1}},"line":15},"1":{"name":"(anonymous_1)","decl":{"start":{"line":21,"column":38},"end":{"line":21,"column":39}},"loc":{"start":{"line":21,"column":44},"end":{"line":30,"column":3}},"line":21},"2":{"name":"(anonymous_2)","decl":{"start":{"line":32,"column":32},"end":{"line":32,"column":33}},"loc":{"start":{"line":32,"column":38},"end":{"line":38,"column":3}},"line":32}},"branchMap":{},"s":{"0":0,"1":0,"2":0,"3":0,"4":0,"5":0,"6":0,"7":0,"8":0},"f":{"0":0,"1":0,"2":0},"b":{},"hash":"6d36c8008cbdcb589195879dcf72dfa8cd7abf2e"}
,"/home/sakamoto/www/Rocketseat/GoBarber-ts/gobarber-mobile/src/pages/CreateAppointment/index.tsx": {"path":"/home/sakamoto/www/Rocketseat/GoBarber-ts/gobarber-mobile/src/pages/CreateAppointment/index.tsx","statementMap":{"0":{"start":{"line":52,"column":36},"end":{"line":262,"column":1}},"1":{"start":{"line":53,"column":19},"end":{"line":53,"column":28}},"2":{"start":{"line":54,"column":31},"end":{"line":54,"column":46}},"3":{"start":{"line":55,"column":16},"end":{"line":55,"column":26}},"4":{"start":{"line":56,"column":22},"end":{"line":56,"column":49}},"5":{"start":{"line":58,"column":42},"end":{"line":58,"column":74}},"6":{"start":{"line":59,"column":46},"end":{"line":59,"column":61}},"7":{"start":{"line":60,"column":42},"end":{"line":60,"column":62}},"8":{"start":{"line":61,"column":42},"end":{"line":61,"column":53}},"9":{"start":{"line":62,"column":36},"end":{"line":62,"column":60}},"10":{"start":{"line":63,"column":50},"end":{"line":65,"column":3}},"11":{"start":{"line":67,"column":2},"end":{"line":71,"column":9}},"12":{"start":{"line":68,"column":4},"end":{"line":70,"column":7}},"13":{"start":{"line":69,"column":6},"end":{"line":69,"column":34}},"14":{"start":{"line":73,"column":2},"end":{"line":85,"column":39}},"15":{"start":{"line":74,"column":4},"end":{"line":84,"column":9}},"16":{"start":{"line":83,"column":8},"end":{"line":83,"column":39}},"17":{"start":{"line":87,"column":23},"end":{"line":89,"column":14}},"18":{"start":{"line":88,"column":4},"end":{"line":88,"column":13}},"19":{"start":{"line":91,"column":31},"end":{"line":93,"column":8}},"20":{"start":{"line":92,"column":4},"end":{"line":92,"column":36}},"21":{"start":{"line":95,"column":33},"end":{"line":97,"column":8}},"22":{"start":{"line":96,"column":4},"end":{"line":96,"column":39}},"23":{"start":{"line":96,"column":31},"end":{"line":96,"column":37}},"24":{"start":{"line":99,"column":28},"end":{"line":110,"column":3}},"25":{"start":{"line":101,"column":6},"end":{"line":103,"column":7}},"26":{"start":{"line":102,"column":8},"end":{"line":102,"column":33}},"27":{"start":{"line":105,"column":6},"end":{"line":107,"column":7}},"28":{"start":{"line":106,"column":8},"end":{"line":106,"column":30}},"29":{"start":{"line":112,"column":27},"end":{"line":114,"column":8}},"30":{"start":{"line":113,"column":4},"end":{"line":113,"column":26}},"31":{"start":{"line":116,"column":34},"end":{"line":135,"column":62}},"32":{"start":{"line":117,"column":4},"end":{"line":134,"column":5}},"33":{"start":{"line":118,"column":19},"end":{"line":118,"column":41}},"34":{"start":{"line":120,"column":6},"end":{"line":120,"column":34}},"35":{"start":{"line":121,"column":6},"end":{"line":121,"column":25}},"36":{"start":{"line":123,"column":6},"end":{"line":126,"column":9}},"37":{"start":{"line":128,"column":6},"end":{"line":128,"column":63}},"38":{"start":{"line":130,"column":6},"end":{"line":133,"column":8}},"39":{"start":{"line":137,"column":30},"end":{"line":147,"column":20}},"40":{"start":{"line":138,"column":4},"end":{"line":146,"column":9}},"41":{"start":{"line":139,"column":28},"end":{"line":139,"column":37}},"42":{"start":{"line":141,"column":8},"end":{"line":145,"column":10}},"43":{"start":{"line":149,"column":32},"end":{"line":159,"column":20}},"44":{"start":{"line":150,"column":4},"end":{"line":158,"column":9}},"45":{"start":{"line":151,"column":28},"end":{"line":151,"column":38}},"46":{"start":{"line":153,"column":8},"end":{"line":157,"column":10}},"47":{"start":{"line":161,"column":2},"end":{"line":261,"column":4}},"48":{"start":{"line":179,"column":38},"end":{"line":179,"column":49}},"49":{"start":{"line":181,"column":14},"end":{"line":189,"column":34}},"50":{"start":{"line":182,"column":31},"end":{"line":182,"column":64}},"51":{"start":{"line":219,"column":16},"end":{"line":229,"column":23}},"52":{"start":{"line":224,"column":33},"end":{"line":224,"column":55}},"53":{"start":{"line":240,"column":18},"end":{"line":250,"column":25}},"54":{"start":{"line":245,"column":35},"end":{"line":245,"column":57}}},"fnMap":{"0":{"name":"(anonymous_0)","decl":{"start":{"line":52,"column":36},"end":{"line":52,"column":37}},"loc":{"start":{"line":52,"column":42},"end":{"line":262,"column":1}},"line":52},"1":{"name":"(anonymous_1)","decl":{"start":{"line":67,"column":12},"end":{"line":67,"column":13}},"loc":{"start":{"line":67,"column":18},"end":{"line":71,"column":3}},"line":67},"2":{"name":"(anonymous_2)","decl":{"start":{"line":68,"column":30},"end":{"line":68,"column":31}},"loc":{"start":{"line":68,"column":42},"end":{"line":70,"column":5}},"line":68},"3":{"name":"(anonymous_3)","decl":{"start":{"line":73,"column":12},"end":{"line":73,"column":13}},"loc":{"start":{"line":73,"column":18},"end":{"line":85,"column":3}},"line":73},"4":{"name":"(anonymous_4)","decl":{"start":{"line":82,"column":12},"end":{"line":82,"column":13}},"loc":{"start":{"line":82,"column":24},"end":{"line":84,"column":7}},"line":82},"5":{"name":"(anonymous_5)","decl":{"start":{"line":87,"column":35},"end":{"line":87,"column":36}},"loc":{"start":{"line":87,"column":41},"end":{"line":89,"column":3}},"line":87},"6":{"name":"(anonymous_6)","decl":{"start":{"line":91,"column":43},"end":{"line":91,"column":44}},"loc":{"start":{"line":91,"column":67},"end":{"line":93,"column":3}},"line":91},"7":{"name":"(anonymous_7)","decl":{"start":{"line":95,"column":45},"end":{"line":95,"column":46}},"loc":{"start":{"line":95,"column":51},"end":{"line":97,"column":3}},"line":95},"8":{"name":"(anonymous_8)","decl":{"start":{"line":96,"column":22},"end":{"line":96,"column":23}},"loc":{"start":{"line":96,"column":31},"end":{"line":96,"column":37}},"line":96},"9":{"name":"(anonymous_9)","decl":{"start":{"line":100,"column":4},"end":{"line":100,"column":5}},"loc":{"start":{"line":100,"column":44},"end":{"line":108,"column":5}},"line":100},"10":{"name":"(anonymous_10)","decl":{"start":{"line":112,"column":39},"end":{"line":112,"column":40}},"loc":{"start":{"line":112,"column":57},"end":{"line":114,"column":3}},"line":112},"11":{"name":"(anonymous_11)","decl":{"start":{"line":116,"column":46},"end":{"line":116,"column":47}},"loc":{"start":{"line":116,"column":58},"end":{"line":135,"column":3}},"line":116},"12":{"name":"(anonymous_12)","decl":{"start":{"line":137,"column":38},"end":{"line":137,"column":39}},"loc":{"start":{"line":137,"column":44},"end":{"line":147,"column":3}},"line":137},"13":{"name":"(anonymous_13)","decl":{"start":{"line":139,"column":14},"end":{"line":139,"column":15}},"loc":{"start":{"line":139,"column":28},"end":{"line":139,"column":37}},"line":139},"14":{"name":"(anonymous_14)","decl":{"start":{"line":140,"column":11},"end":{"line":140,"column":12}},"loc":{"start":{"line":140,"column":36},"end":{"line":146,"column":7}},"line":140},"15":{"name":"(anonymous_15)","decl":{"start":{"line":149,"column":40},"end":{"line":149,"column":41}},"loc":{"start":{"line":149,"column":46},"end":{"line":159,"column":3}},"line":149},"16":{"name":"(anonymous_16)","decl":{"start":{"line":151,"column":14},"end":{"line":151,"column":15}},"loc":{"start":{"line":151,"column":28},"end":{"line":151,"column":38}},"line":151},"17":{"name":"(anonymous_17)","decl":{"start":{"line":152,"column":11},"end":{"line":152,"column":12}},"loc":{"start":{"line":152,"column":36},"end":{"line":158,"column":7}},"line":152},"18":{"name":"(anonymous_18)","decl":{"start":{"line":179,"column":26},"end":{"line":179,"column":27}},"loc":{"start":{"line":179,"column":38},"end":{"line":179,"column":49}},"line":179},"19":{"name":"(anonymous_19)","decl":{"start":{"line":180,"column":24},"end":{"line":180,"column":25}},"loc":{"start":{"line":181,"column":14},"end":{"line":189,"column":34}},"line":181},"20":{"name":"(anonymous_20)","decl":{"start":{"line":182,"column":25},"end":{"line":182,"column":26}},"loc":{"start":{"line":182,"column":31},"end":{"line":182,"column":64}},"line":182},"21":{"name":"(anonymous_21)","decl":{"start":{"line":218,"column":39},"end":{"line":218,"column":40}},"loc":{"start":{"line":219,"column":16},"end":{"line":229,"column":23}},"line":219},"22":{"name":"(anonymous_22)","decl":{"start":{"line":224,"column":27},"end":{"line":224,"column":28}},"loc":{"start":{"line":224,"column":33},"end":{"line":224,"column":55}},"line":224},"23":{"name":"(anonymous_23)","decl":{"start":{"line":239,"column":16},"end":{"line":239,"column":17}},"loc":{"start":{"line":240,"column":18},"end":{"line":250,"column":25}},"line":240},"24":{"name":"(anonymous_24)","decl":{"start":{"line":245,"column":29},"end":{"line":245,"column":30}},"loc":{"start":{"line":245,"column":35},"end":{"line":245,"column":57}},"line":245}},"branchMap":{"0":{"loc":{"start":{"line":101,"column":6},"end":{"line":103,"column":7}},"type":"if","locations":[{"start":{"line":101,"column":6},"end":{"line":103,"column":7}},{"start":{"line":101,"column":6},"end":{"line":103,"column":7}}],"line":101},"1":{"loc":{"start":{"line":105,"column":6},"end":{"line":107,"column":7}},"type":"if","locations":[{"start":{"line":105,"column":6},"end":{"line":107,"column":7}},{"start":{"line":105,"column":6},"end":{"line":107,"column":7}}],"line":105},"2":{"loc":{"start":{"line":200,"column":11},"end":{"line":208,"column":11}},"type":"binary-expr","locations":[{"start":{"line":200,"column":11},"end":{"line":200,"column":25}},{"start":{"line":201,"column":12},"end":{"line":207,"column":14}}],"line":200}},"s":{"0":0,"1":0,"2":0,"3":0,"4":0,"5":0,"6":0,"7":0,"8":0,"9":0,"10":0,"11":0,"12":0,"13":0,"14":0,"15":0,"16":0,"17":0,"18":0,"19":0,"20":0,"21":0,"22":0,"23":0,"24":0,"25":0,"26":0,"27":0,"28":0,"29":0,"30":0,"31":0,"32":0,"33":0,"34":0,"35":0,"36":0,"37":0,"38":0,"39":0,"40":0,"41":0,"42":0,"43":0,"44":0,"45":0,"46":0,"47":0,"48":0,"49":0,"50":0,"51":0,"52":0,"53":0,"54":0},"f":{"0":0,"1":0,"2":0,"3":0,"4":0,"5":0,"6":0,"7":0,"8":0,"9":0,"10":0,"11":0,"12":0,"13":0,"14":0,"15":0,"16":0,"17":0,"18":0,"19":0,"20":0,"21":0,"22":0,"23":0,"24":0},"b":{"0":[0,0],"1":[0,0],"2":[0,0]},"hash":"297278d856a8214f1713f019b54d41e0a3e90aff"}
,"/home/sakamoto/www/Rocketseat/GoBarber-ts/gobarber-mobile/src/pages/Dashboard/index.tsx": {"path":"/home/sakamoto/www/Rocketseat/GoBarber-ts/gobarber-mobile/src/pages/Dashboard/index.tsx","statementMap":{"0":{"start":{"line":31,"column":28},"end":{"line":96,"column":1}},"1":{"start":{"line":32,"column":19},"end":{"line":32,"column":28}},"2":{"start":{"line":33,"column":23},"end":{"line":33,"column":38}},"3":{"start":{"line":35,"column":36},"end":{"line":35,"column":60}},"4":{"start":{"line":37,"column":2},"end":{"line":41,"column":9}},"5":{"start":{"line":38,"column":4},"end":{"line":40,"column":7}},"6":{"start":{"line":39,"column":6},"end":{"line":39,"column":34}},"7":{"start":{"line":43,"column":28},"end":{"line":45,"column":16}},"8":{"start":{"line":44,"column":4},"end":{"line":44,"column":24}},"9":{"start":{"line":47,"column":38},"end":{"line":52,"column":3}},"10":{"start":{"line":49,"column":6},"end":{"line":49,"column":52}},"11":{"start":{"line":54,"column":2},"end":{"line":95,"column":4}},"12":{"start":{"line":69,"column":34},"end":{"line":69,"column":45}},"13":{"start":{"line":74,"column":10},"end":{"line":91,"column":30}},"14":{"start":{"line":75,"column":27},"end":{"line":75,"column":67}}},"fnMap":{"0":{"name":"(anonymous_0)","decl":{"start":{"line":31,"column":28},"end":{"line":31,"column":29}},"loc":{"start":{"line":31,"column":34},"end":{"line":96,"column":1}},"line":31},"1":{"name":"(anonymous_1)","decl":{"start":{"line":37,"column":12},"end":{"line":37,"column":13}},"loc":{"start":{"line":37,"column":18},"end":{"line":41,"column":3}},"line":37},"2":{"name":"(anonymous_2)","decl":{"start":{"line":38,"column":30},"end":{"line":38,"column":31}},"loc":{"start":{"line":38,"column":42},"end":{"line":40,"column":5}},"line":38},"3":{"name":"(anonymous_3)","decl":{"start":{"line":43,"column":40},"end":{"line":43,"column":41}},"loc":{"start":{"line":43,"column":46},"end":{"line":45,"column":3}},"line":43},"4":{"name":"(anonymous_4)","decl":{"start":{"line":48,"column":4},"end":{"line":48,"column":5}},"loc":{"start":{"line":48,"column":28},"end":{"line":50,"column":5}},"line":48},"5":{"name":"(anonymous_5)","decl":{"start":{"line":69,"column":22},"end":{"line":69,"column":23}},"loc":{"start":{"line":69,"column":34},"end":{"line":69,"column":45}},"line":69},"6":{"name":"(anonymous_6)","decl":{"start":{"line":73,"column":20},"end":{"line":73,"column":21}},"loc":{"start":{"line":74,"column":10},"end":{"line":91,"column":30}},"line":74},"7":{"name":"(anonymous_7)","decl":{"start":{"line":75,"column":21},"end":{"line":75,"column":22}},"loc":{"start":{"line":75,"column":27},"end":{"line":75,"column":67}},"line":75}},"branchMap":{},"s":{"0":0,"1":0,"2":0,"3":0,"4":0,"5":0,"6":0,"7":0,"8":0,"9":0,"10":0,"11":0,"12":0,"13":0,"14":0},"f":{"0":0,"1":0,"2":0,"3":0,"4":0,"5":0,"6":0,"7":0},"b":{},"hash":"33a66ea08b4adabde793669080347c998701238f"}
,"/home/sakamoto/www/Rocketseat/GoBarber-ts/gobarber-mobile/src/pages/Profile/index.tsx": {"path":"/home/sakamoto/www/Rocketseat/GoBarber-ts/gobarber-mobile/src/pages/Profile/index.tsx","statementMap":{"0":{"start":{"line":41,"column":26},"end":{"line":251,"column":1}},"1":{"start":{"line":42,"column":31},"end":{"line":42,"column":40}},"2":{"start":{"line":43,"column":18},"end":{"line":43,"column":43}},"3":{"start":{"line":44,"column":24},"end":{"line":44,"column":47}},"4":{"start":{"line":45,"column":30},"end":{"line":45,"column":53}},"5":{"start":{"line":46,"column":27},"end":{"line":46,"column":50}},"6":{"start":{"line":47,"column":34},"end":{"line":47,"column":57}},"7":{"start":{"line":48,"column":21},"end":{"line":48,"column":36}},"8":{"start":{"line":50,"column":23},"end":{"line":121,"column":3}},"9":{"start":{"line":52,"column":6},"end":{"line":118,"column":7}},"10":{"start":{"line":53,"column":8},"end":{"line":53,"column":39}},"11":{"start":{"line":55,"column":23},"end":{"line":73,"column":10}},"12":{"start":{"line":62,"column":23},"end":{"line":62,"column":35}},"13":{"start":{"line":68,"column":25},"end":{"line":68,"column":37}},"14":{"start":{"line":75,"column":8},"end":{"line":77,"column":11}},"15":{"start":{"line":85,"column":12},"end":{"line":85,"column":16}},"16":{"start":{"line":87,"column":25},"end":{"line":97,"column":9}},"17":{"start":{"line":99,"column":25},"end":{"line":99,"column":60}},"18":{"start":{"line":101,"column":8},"end":{"line":101,"column":34}},"19":{"start":{"line":103,"column":8},"end":{"line":103,"column":54}},"20":{"start":{"line":105,"column":8},"end":{"line":105,"column":28}},"21":{"start":{"line":107,"column":8},"end":{"line":112,"column":9}},"22":{"start":{"line":108,"column":25},"end":{"line":108,"column":48}},"23":{"start":{"line":109,"column":10},"end":{"line":109,"column":45}},"24":{"start":{"line":111,"column":10},"end":{"line":111,"column":17}},"25":{"start":{"line":114,"column":8},"end":{"line":117,"column":10}},"26":{"start":{"line":123,"column":29},"end":{"line":154,"column":27}},"27":{"start":{"line":124,"column":4},"end":{"line":153,"column":6}},"28":{"start":{"line":132,"column":8},"end":{"line":134,"column":9}},"29":{"start":{"line":133,"column":10},"end":{"line":133,"column":17}},"30":{"start":{"line":136,"column":8},"end":{"line":139,"column":9}},"31":{"start":{"line":137,"column":10},"end":{"line":137,"column":55}},"32":{"start":{"line":138,"column":10},"end":{"line":138,"column":17}},"33":{"start":{"line":141,"column":21},"end":{"line":141,"column":35}},"34":{"start":{"line":143,"column":8},"end":{"line":147,"column":11}},"35":{"start":{"line":149,"column":8},"end":{"line":151,"column":11}},"36":{"start":{"line":150,"column":10},"end":{"line":150,"column":39}},"37":{"start":{"line":156,"column":23},"end":{"line":158,"column":18}},"38":{"start":{"line":157,"column":4},"end":{"line":157,"column":24}},"39":{"start":{"line":160,"column":2},"end":{"line":250,"column":4}},"40":{"start":{"line":189,"column":18},"end":{"line":189,"column":49}},"41":{"start":{"line":203,"column":18},"end":{"line":203,"column":55}},"42":{"start":{"line":215,"column":39},"end":{"line":215,"column":72}},"43":{"start":{"line":225,"column":39},"end":{"line":225,"column":79}},"44":{"start":{"line":235,"column":39},"end":{"line":235,"column":68}},"45":{"start":{"line":240,"column":18},"end":{"line":240,"column":48}}},"fnMap":{"0":{"name":"(anonymous_0)","decl":{"start":{"line":41,"column":26},"end":{"line":41,"column":27}},"loc":{"start":{"line":41,"column":32},"end":{"line":251,"column":1}},"line":41},"1":{"name":"(anonymous_1)","decl":{"start":{"line":51,"column":4},"end":{"line":51,"column":5}},"loc":{"start":{"line":51,"column":37},"end":{"line":119,"column":5}},"line":51},"2":{"name":"(anonymous_2)","decl":{"start":{"line":62,"column":16},"end":{"line":62,"column":17}},"loc":{"start":{"line":62,"column":23},"end":{"line":62,"column":35}},"line":62},"3":{"name":"(anonymous_3)","decl":{"start":{"line":68,"column":18},"end":{"line":68,"column":19}},"loc":{"start":{"line":68,"column":25},"end":{"line":68,"column":37}},"line":68},"4":{"name":"(anonymous_4)","decl":{"start":{"line":123,"column":41},"end":{"line":123,"column":42}},"loc":{"start":{"line":123,"column":47},"end":{"line":154,"column":3}},"line":123},"5":{"name":"(anonymous_5)","decl":{"start":{"line":131,"column":6},"end":{"line":131,"column":7}},"loc":{"start":{"line":131,"column":18},"end":{"line":152,"column":7}},"line":131},"6":{"name":"(anonymous_6)","decl":{"start":{"line":149,"column":45},"end":{"line":149,"column":46}},"loc":{"start":{"line":149,"column":60},"end":{"line":151,"column":9}},"line":149},"7":{"name":"(anonymous_7)","decl":{"start":{"line":156,"column":35},"end":{"line":156,"column":36}},"loc":{"start":{"line":156,"column":41},"end":{"line":158,"column":3}},"line":156},"8":{"name":"(anonymous_8)","decl":{"start":{"line":188,"column":33},"end":{"line":188,"column":34}},"loc":{"start":{"line":188,"column":39},"end":{"line":190,"column":17}},"line":188},"9":{"name":"(anonymous_9)","decl":{"start":{"line":202,"column":33},"end":{"line":202,"column":34}},"loc":{"start":{"line":202,"column":39},"end":{"line":204,"column":17}},"line":202},"10":{"name":"(anonymous_10)","decl":{"start":{"line":215,"column":33},"end":{"line":215,"column":34}},"loc":{"start":{"line":215,"column":39},"end":{"line":215,"column":72}},"line":215},"11":{"name":"(anonymous_11)","decl":{"start":{"line":225,"column":33},"end":{"line":225,"column":34}},"loc":{"start":{"line":225,"column":39},"end":{"line":225,"column":79}},"line":225},"12":{"name":"(anonymous_12)","decl":{"start":{"line":235,"column":33},"end":{"line":235,"column":34}},"loc":{"start":{"line":235,"column":39},"end":{"line":235,"column":68}},"line":235},"13":{"name":"(anonymous_13)","decl":{"start":{"line":239,"column":25},"end":{"line":239,"column":26}},"loc":{"start":{"line":239,"column":31},"end":{"line":241,"column":17}},"line":239}},"branchMap":{"0":{"loc":{"start":{"line":90,"column":14},"end":{"line":96,"column":16}},"type":"cond-expr","locations":[{"start":{"line":91,"column":14},"end":{"line":95,"column":15}},{"start":{"line":96,"column":14},"end":{"line":96,"column":16}}],"line":90},"1":{"loc":{"start":{"line":107,"column":8},"end":{"line":112,"column":9}},"type":"if","locations":[{"start":{"line":107,"column":8},"end":{"line":112,"column":9}},{"start":{"line":107,"column":8},"end":{"line":112,"column":9}}],"line":107},"2":{"loc":{"start":{"line":132,"column":8},"end":{"line":134,"column":9}},"type":"if","locations":[{"start":{"line":132,"column":8},"end":{"line":134,"column":9}},{"start":{"line":132,"column":8},"end":{"line":134,"column":9}}],"line":132},"3":{"loc":{"start":{"line":136,"column":8},"end":{"line":139,"column":9}},"type":"if","locations":[{"start":{"line":136,"column":8},"end":{"line":139,"column":9}},{"start":{"line":136,"column":8},"end":{"line":139,"column":9}}],"line":136},"4":{"loc":{"start":{"line":164,"column":18},"end":{"line":164,"column":63}},"type":"cond-expr","locations":[{"start":{"line":164,"column":42},"end":{"line":164,"column":51}},{"start":{"line":164,"column":54},"end":{"line":164,"column":63}}],"line":164}},"s":{"0":0,"1":0,"2":0,"3":0,"4":0,"5":0,"6":0,"7":0,"8":0,"9":0,"10":0,"11":0,"12":0,"13":0,"14":0,"15":0,"16":0,"17":0,"18":0,"19":0,"20":0,"21":0,"22":0,"23":0,"24":0,"25":0,"26":0,"27":0,"28":0,"29":0,"30":0,"31":0,"32":0,"33":0,"34":0,"35":0,"36":0,"37":0,"38":0,"39":0,"40":0,"41":0,"42":0,"43":0,"44":0,"45":0},"f":{"0":0,"1":0,"2":0,"3":0,"4":0,"5":0,"6":0,"7":0,"8":0,"9":0,"10":0,"11":0,"12":0,"13":0},"b":{"0":[0,0],"1":[0,0],"2":[0,0],"3":[0,0],"4":[0,0]},"hash":"6bd664bc916f10f9e29e777b5ece4d1d1a02d3e4"}
,"/home/sakamoto/www/Rocketseat/GoBarber-ts/gobarber-mobile/src/pages/SignIn/index.tsx": {"path":"/home/sakamoto/www/Rocketseat/GoBarber-ts/gobarber-mobile/src/pages/SignIn/index.tsx","statementMap":{"0":{"start":{"line":41,"column":25},"end":{"line":150,"column":1}},"1":{"start":{"line":42,"column":18},"end":{"line":42,"column":43}},"2":{"start":{"line":43,"column":27},"end":{"line":43,"column":50}},"3":{"start":{"line":45,"column":21},"end":{"line":45,"column":36}},"4":{"start":{"line":47,"column":21},"end":{"line":47,"column":30}},"5":{"start":{"line":49,"column":23},"end":{"line":86,"column":3}},"6":{"start":{"line":51,"column":6},"end":{"line":83,"column":7}},"7":{"start":{"line":52,"column":8},"end":{"line":52,"column":39}},"8":{"start":{"line":54,"column":23},"end":{"line":59,"column":10}},"9":{"start":{"line":61,"column":8},"end":{"line":63,"column":11}},"10":{"start":{"line":65,"column":8},"end":{"line":68,"column":11}},"11":{"start":{"line":72,"column":8},"end":{"line":77,"column":9}},"12":{"start":{"line":73,"column":25},"end":{"line":73,"column":48}},"13":{"start":{"line":74,"column":10},"end":{"line":74,"column":45}},"14":{"start":{"line":76,"column":10},"end":{"line":76,"column":17}},"15":{"start":{"line":79,"column":8},"end":{"line":82,"column":10}},"16":{"start":{"line":88,"column":2},"end":{"line":149,"column":4}},"17":{"start":{"line":115,"column":18},"end":{"line":115,"column":52}},"18":{"start":{"line":126,"column":18},"end":{"line":126,"column":48}},"19":{"start":{"line":131,"column":18},"end":{"line":131,"column":48}},"20":{"start":{"line":144,"column":42},"end":{"line":144,"column":71}}},"fnMap":{"0":{"name":"(anonymous_0)","decl":{"start":{"line":41,"column":25},"end":{"line":41,"column":26}},"loc":{"start":{"line":41,"column":31},"end":{"line":150,"column":1}},"line":41},"1":{"name":"(anonymous_1)","decl":{"start":{"line":50,"column":4},"end":{"line":50,"column":5}},"loc":{"start":{"line":50,"column":36},"end":{"line":84,"column":5}},"line":50},"2":{"name":"(anonymous_2)","decl":{"start":{"line":114,"column":33},"end":{"line":114,"column":34}},"loc":{"start":{"line":114,"column":39},"end":{"line":116,"column":17}},"line":114},"3":{"name":"(anonymous_3)","decl":{"start":{"line":125,"column":33},"end":{"line":125,"column":34}},"loc":{"start":{"line":125,"column":39},"end":{"line":127,"column":17}},"line":125},"4":{"name":"(anonymous_4)","decl":{"start":{"line":130,"column":25},"end":{"line":130,"column":26}},"loc":{"start":{"line":130,"column":31},"end":{"line":132,"column":17}},"line":130},"5":{"name":"(anonymous_5)","decl":{"start":{"line":138,"column":37},"end":{"line":138,"column":38}},"loc":{"start":{"line":138,"column":43},"end":{"line":138,"column":45}},"line":138},"6":{"name":"(anonymous_6)","decl":{"start":{"line":144,"column":36},"end":{"line":144,"column":37}},"loc":{"start":{"line":144,"column":42},"end":{"line":144,"column":71}},"line":144}},"branchMap":{"0":{"loc":{"start":{"line":72,"column":8},"end":{"line":77,"column":9}},"type":"if","locations":[{"start":{"line":72,"column":8},"end":{"line":77,"column":9}},{"start":{"line":72,"column":8},"end":{"line":77,"column":9}}],"line":72},"1":{"loc":{"start":{"line":92,"column":18},"end":{"line":92,"column":63}},"type":"cond-expr","locations":[{"start":{"line":92,"column":42},"end":{"line":92,"column":51}},{"start":{"line":92,"column":54},"end":{"line":92,"column":63}}],"line":92}},"s":{"0":1,"1":1,"2":1,"3":1,"4":1,"5":1,"6":0,"7":0,"8":0,"9":0,"10":0,"11":0,"12":0,"13":0,"14":0,"15":0,"16":1,"17":0,"18":0,"19":0,"20":0},"f":{"0":1,"1":0,"2":0,"3":0,"4":0,"5":0,"6":0},"b":{"0":[0,0],"1":[1,0]},"_coverageSchema":"43e27e138ebf9cfc5966b082cf9a028302ed4184","hash":"888189731ac3fc007c60d57fa6f891c74c0f7a87"}
,"/home/sakamoto/www/Rocketseat/GoBarber-ts/gobarber-mobile/src/pages/SignUp/index.tsx": {"path":"/home/sakamoto/www/Rocketseat/GoBarber-ts/gobarber-mobile/src/pages/SignUp/index.tsx","statementMap":{"0":{"start":{"line":33,"column":25},"end":{"line":149,"column":1}},"1":{"start":{"line":34,"column":18},"end":{"line":34,"column":43}},"2":{"start":{"line":35,"column":24},"end":{"line":35,"column":47}},"3":{"start":{"line":36,"column":27},"end":{"line":36,"column":50}},"4":{"start":{"line":37,"column":21},"end":{"line":37,"column":36}},"5":{"start":{"line":39,"column":23},"end":{"line":79,"column":3}},"6":{"start":{"line":41,"column":6},"end":{"line":76,"column":7}},"7":{"start":{"line":42,"column":8},"end":{"line":42,"column":39}},"8":{"start":{"line":44,"column":23},"end":{"line":50,"column":10}},"9":{"start":{"line":52,"column":8},"end":{"line":54,"column":11}},"10":{"start":{"line":56,"column":8},"end":{"line":56,"column":39}},"11":{"start":{"line":58,"column":8},"end":{"line":61,"column":10}},"12":{"start":{"line":63,"column":8},"end":{"line":63,"column":28}},"13":{"start":{"line":65,"column":8},"end":{"line":70,"column":9}},"14":{"start":{"line":66,"column":25},"end":{"line":66,"column":48}},"15":{"start":{"line":67,"column":10},"end":{"line":67,"column":45}},"16":{"start":{"line":69,"column":10},"end":{"line":69,"column":17}},"17":{"start":{"line":72,"column":8},"end":{"line":75,"column":10}},"18":{"start":{"line":81,"column":2},"end":{"line":148,"column":4}},"19":{"start":{"line":105,"column":18},"end":{"line":105,"column":49}},"20":{"start":{"line":119,"column":18},"end":{"line":119,"column":52}},"21":{"start":{"line":130,"column":39},"end":{"line":130,"column":68}},"22":{"start":{"line":134,"column":18},"end":{"line":134,"column":48}},"23":{"start":{"line":143,"column":35},"end":{"line":143,"column":64}}},"fnMap":{"0":{"name":"(anonymous_0)","decl":{"start":{"line":33,"column":25},"end":{"line":33,"column":26}},"loc":{"start":{"line":33,"column":31},"end":{"line":149,"column":1}},"line":33},"1":{"name":"(anonymous_1)","decl":{"start":{"line":40,"column":4},"end":{"line":40,"column":5}},"loc":{"start":{"line":40,"column":36},"end":{"line":77,"column":5}},"line":40},"2":{"name":"(anonymous_2)","decl":{"start":{"line":104,"column":33},"end":{"line":104,"column":34}},"loc":{"start":{"line":104,"column":39},"end":{"line":106,"column":17}},"line":104},"3":{"name":"(anonymous_3)","decl":{"start":{"line":118,"column":33},"end":{"line":118,"column":34}},"loc":{"start":{"line":118,"column":39},"end":{"line":120,"column":17}},"line":118},"4":{"name":"(anonymous_4)","decl":{"start":{"line":130,"column":33},"end":{"line":130,"column":34}},"loc":{"start":{"line":130,"column":39},"end":{"line":130,"column":68}},"line":130},"5":{"name":"(anonymous_5)","decl":{"start":{"line":133,"column":25},"end":{"line":133,"column":26}},"loc":{"start":{"line":133,"column":31},"end":{"line":135,"column":17}},"line":133},"6":{"name":"(anonymous_6)","decl":{"start":{"line":143,"column":29},"end":{"line":143,"column":30}},"loc":{"start":{"line":143,"column":35},"end":{"line":143,"column":64}},"line":143}},"branchMap":{"0":{"loc":{"start":{"line":65,"column":8},"end":{"line":70,"column":9}},"type":"if","locations":[{"start":{"line":65,"column":8},"end":{"line":70,"column":9}},{"start":{"line":65,"column":8},"end":{"line":70,"column":9}}],"line":65},"1":{"loc":{"start":{"line":85,"column":18},"end":{"line":85,"column":63}},"type":"cond-expr","locations":[{"start":{"line":85,"column":42},"end":{"line":85,"column":51}},{"start":{"line":85,"column":54},"end":{"line":85,"column":63}}],"line":85}},"s":{"0":0,"1":0,"2":0,"3":0,"4":0,"5":0,"6":0,"7":0,"8":0,"9":0,"10":0,"11":0,"12":0,"13":0,"14":0,"15":0,"16":0,"17":0,"18":0,"19":0,"20":0,"21":0,"22":0,"23":0},"f":{"0":0,"1":0,"2":0,"3":0,"4":0,"5":0,"6":0},"b":{"0":[0,0],"1":[0,0]},"hash":"42338e6d822090622c8bc643683d12eb6db0aded"}
}
